d:\hossam\training\opengl3dtutorial\workspace\udemy_course\opengl_glsl\opengl_glsl\x64\debug\vc140.pdb
d:\workspace\udemy_course\opengl_glsl\opengl_glsl\x64\debug\opengl_old.pch
d:\workspace\udemy_course\opengl_glsl\opengl_glsl\x64\debug\vc140.pdb
d:\workspace\udemy_course\opengl_glsl\opengl_glsl\x64\debug\vc140.idb
d:\workspace\udemy_course\opengl_glsl\opengl_glsl\x64\debug\stdafx.obj
d:\workspace\udemy_course\opengl_glsl\opengl_glsl\x64\debug\circle.obj
d:\workspace\udemy_course\opengl_glsl\opengl_glsl\x64\debug\glfw-basic-app.obj
d:\workspace\udemy_course\opengl_glsl\opengl_glsl\x64\debug\main.obj
d:\workspace\udemy_course\opengl_glsl\opengl_glsl\x64\debug\quad.obj
d:\workspace\udemy_course\opengl_glsl\opengl_glsl\x64\debug\stack_of_matrices.obj
d:\workspace\udemy_course\opengl_glsl\opengl_glsl\x64\debug\triangle.obj
d:\hossam\training\opengl3dtutorial\workspace\udemy_course\opengl_glsl\x64\debug\opengl_old.ilk
d:\hossam\training\opengl3dtutorial\workspace\udemy_course\opengl_glsl\x64\debug\opengl_old.exe
d:\hossam\training\opengl3dtutorial\workspace\udemy_course\opengl_glsl\x64\debug\opengl_old.pdb
d:\workspace\udemy_course\opengl_glsl\x64\debug\opengl_old.ilk
d:\workspace\udemy_course\opengl_glsl\x64\debug\opengl_old.exe
d:\workspace\udemy_course\opengl_glsl\x64\debug\opengl_old.pdb
d:\hossam\training\opengl3dtutorial\workspace\udemy_course\opengl_glsl\opengl_glsl\x64\debug\vcpkg.applocal.log
d:\workspace\opengl-workspace\opengl_glsl\opengl_glsl\x64\debug\circle.obj
d:\workspace\opengl-workspace\opengl_glsl\opengl_glsl\x64\debug\glfw-basic-app.obj
d:\workspace\opengl-workspace\opengl_glsl\opengl_glsl\x64\debug\main.obj
d:\workspace\opengl-workspace\opengl_glsl\opengl_glsl\x64\debug\quad.obj
d:\workspace\opengl-workspace\opengl_glsl\opengl_glsl\x64\debug\stack_of_matrices.obj
d:\workspace\opengl-workspace\opengl_glsl\opengl_glsl\x64\debug\static_triangle.obj
d:\workspace\opengl-workspace\opengl_glsl\opengl_glsl\x64\debug\stdafx.obj
d:\workspace\opengl-workspace\opengl_glsl\opengl_glsl\x64\debug\triangle.obj
d:\workspace\opengl-workspace\opengl_glsl\opengl_glsl\x64\debug\opengl_glsl.pch
d:\workspace\opengl-workspace\opengl_glsl\opengl_glsl\x64\debug\opengl_old.pch
d:\workspace\opengl-workspace\opengl_glsl\opengl_glsl\x64\debug\vc140.idb
d:\workspace\opengl-workspace\opengl_glsl\opengl_glsl\x64\debug\vc140.pdb
d:\workspace\opengl-workspace\opengl_glsl\x64\debug\opengl_old.pdb
d:\workspace\opengl-workspace\opengl_glsl\x64\debug\opengl_old.exe
d:\workspace\opengl-workspace\opengl_glsl\x64\debug\opengl_old.ilk
d:\workspace\opengl-workspace\opengl_glsl\opengl_glsl\x64\debug\opengl_old.tlog\cl.command.1.tlog
d:\workspace\opengl-workspace\opengl_glsl\opengl_glsl\x64\debug\opengl_old.tlog\cl.read.1.tlog
d:\workspace\opengl-workspace\opengl_glsl\opengl_glsl\x64\debug\opengl_old.tlog\cl.write.1.tlog
d:\workspace\opengl-workspace\opengl_glsl\opengl_glsl\x64\debug\opengl_old.tlog\link.command.1.tlog
d:\workspace\opengl-workspace\opengl_glsl\opengl_glsl\x64\debug\opengl_old.tlog\link.read.1.tlog
d:\workspace\opengl-workspace\opengl_glsl\opengl_glsl\x64\debug\opengl_old.tlog\link.write.1.tlog
d:\workspace\opengl-workspace\opengl_glsl\opengl_glsl\x64\debug\opengl_old.tlog\opengl_old.write.1u.tlog
